[DEBUG][2017-10-31 15:58:58,491][com.sirding.javase.compare.TestCompareInterface]true
[DEBUG][2017-10-31 15:58:58,496][com.sirding.javase.compare.TestCompareInterface]false
[DEBUG][2017-10-31 15:58:58,496][com.sirding.javase.compare.TestCompareInterface]false
[DEBUG][2017-10-31 15:58:58,497][com.sirding.javase.compare.TestCompareInterface]测试isInstance...
[DEBUG][2017-10-31 15:58:58,497][com.sirding.javase.compare.TestCompareInterface]true
[DEBUG][2017-10-31 15:58:58,497][com.sirding.javase.compare.TestCompareInterface]true
[DEBUG][2017-10-31 15:58:58,498][com.sirding.javase.compare.TestCompareInterface]true
[DEBUG][2017-10-31 15:58:58,498][com.sirding.javase.compare.TestCompareInterface]true
[DEBUG][2017-10-31 15:58:58,506][com.sirding.javase.compare.TestCompareInterface]测试isAssignableFrom......
[DEBUG][2017-10-31 15:58:58,508][com.sirding.javase.compare.TestCompareInterface]true
[DEBUG][2017-10-31 15:58:58,508][com.sirding.javase.compare.TestCompareInterface]true
[DEBUG][2017-10-31 15:58:58,509][com.sirding.javase.compare.TestCompareInterface]false
[DEBUG][2017-10-31 15:58:58,509][com.sirding.javase.compare.TestCompareInterface]false
[DEBUG][2017-10-31 15:58:58,510][com.sirding.javase.compare.TestCompareInterface]=======
[DEBUG][2017-10-31 15:58:58,511][com.sirding.javase.compare.TestCompareInterface]true
[DEBUG][2017-10-31 15:58:58,512][com.sirding.javase.compare.TestCompareInterface]true
[DEBUG][2017-10-31 15:58:58,522][com.sirding.javase.compare.TestCompareInterface]true
[DEBUG][2017-11-01 10:21:08,562][com.sirding.redis.TestRedisLock]1
[DEBUG][2017-11-01 10:21:50,996][com.sirding.redis.TestRedisLock]1
[DEBUG][2017-11-01 10:22:36,520][com.sirding.redis.TestRedisLock]1
[DEBUG][2017-11-01 10:22:53,265][com.sirding.redis.TestRedisLock]1
[DEBUG][2017-11-03 14:54:36,216][com.sirding.redis.TestRedisLock]0
